<?xml version="1.0" encoding="UTF-8"?>
<!-- Generated by org.testng.reporters.JUnitReportReporter -->
<testsuite hostname="LAPTOP-DVK9UURV" failures="0" tests="1" name="com.selenium.Seleniumwithjenkins" time="4.540" errors="0" timestamp="23 May 2021 14:48:30 GMT">
  <testcase classname="com.selenium.Seleniumwithjenkins" name="TitleCheck" time="4.540"/>
</testsuite> <!-- com.selenium.Seleniumwithjenkins -->
